Using pre-set license
Built from '2020.3/staging' branch; Version is '2020.3.38f1 (8f5fde82e2dc) revision 9396190'; Using compiler version '192528614'; Build Type 'Release'
OS: 'Windows 10  (10.0.19045) 64bit Core' Language: 'fi' Physical Memory: 16315 MB
BatchMode: 1, IsHumanControllingUs: 0, StartBugReporterOnCrash: 0, Is64bit: 1, IsPro: 0

COMMAND LINE ARGUMENTS:
C:\Program Files\Unity\Hub\Editor\2020.3.38f1\Editor\Unity.exe
-adb2
-batchMode
-noUpm
-name
AssetImportWorker0
-projectPath
E:/Heikki Porvoo/HP/investigation
-logFile
Logs/AssetImportWorker0.log
-srvPort
61851
Successfully changed project path to: E:/Heikki Porvoo/HP/investigation
E:/Heikki Porvoo/HP/investigation
Using Asset Import Pipeline V2.
Refreshing native plugins compatible for Editor in 72.23 ms, found 2 plugins.
Preloading 0 native plugins for Editor in 0.00 ms.
Initialize engine version: 2020.3.38f1 (8f5fde82e2dc)
[Subsystems] Discovering subsystems at path C:/Program Files/Unity/Hub/Editor/2020.3.38f1/Editor/Data/Resources/UnitySubsystems
[Subsystems] Discovering subsystems at path E:/Heikki Porvoo/HP/investigation/Assets
GfxDevice: creating device client; threaded=0
Direct3D:
    Version:  Direct3D 11.0 [level 11.1]
    Renderer: NVIDIA GeForce RTX 2060 (ID=0x1f08)
    Vendor:   
    VRAM:     5968 MB
    Driver:   31.0.15.2698
Initialize mono
Mono path[0] = 'C:/Program Files/Unity/Hub/Editor/2020.3.38f1/Editor/Data/Managed'
Mono path[1] = 'C:/Program Files/Unity/Hub/Editor/2020.3.38f1/Editor/Data/MonoBleedingEdge/lib/mono/unityjit'
Mono config path = 'C:/Program Files/Unity/Hub/Editor/2020.3.38f1/Editor/Data/MonoBleedingEdge/etc'
Using monoOptions --debugger-agent=transport=dt_socket,embedding=1,server=y,suspend=n,address=127.0.0.1:56244
Begin MonoManager ReloadAssembly
Registering precompiled unity dll's ...
Register platform support module: C:/Program Files/Unity/Hub/Editor/2020.3.38f1/Editor/Data/PlaybackEngines/WindowsStandaloneSupport/UnityEditor.WindowsStandalone.Extensions.dll
Registered in 0.002902 seconds.
Native extension for WindowsStandalone target not found
Refreshing native plugins compatible for Editor in 69.15 ms, found 2 plugins.
Preloading 0 native plugins for Editor in 0.00 ms.
Mono: successfully reloaded assembly
- Completed reload, in  0.652 seconds
Domain Reload Profiling:
	ReloadAssembly (652ms)
		BeginReloadAssembly (77ms)
			ExecutionOrderSort (0ms)
			DisableScriptedObjects (0ms)
			BackupInstance (0ms)
			ReleaseScriptingObjects (0ms)
			CreateAndSetChildDomain (1ms)
		EndReloadAssembly (493ms)
			LoadAssemblies (73ms)
			RebuildTransferFunctionScriptingTraits (0ms)
			SetupTypeCache (153ms)
			ReleaseScriptCaches (0ms)
			RebuildScriptCaches (29ms)
			SetupLoadedEditorAssemblies (207ms)
				LogAssemblyErrors (0ms)
				InitializePlatformSupportModulesInManaged (5ms)
				SetLoadedEditorAssemblies (0ms)
				RefreshPlugins (69ms)
				BeforeProcessingInitializeOnLoad (13ms)
				ProcessInitializeOnLoadAttributes (88ms)
				ProcessInitializeOnLoadMethodAttributes (32ms)
				AfterProcessingInitializeOnLoad (0ms)
				EditorAssembliesLoaded (0ms)
			ExecutionOrderSort2 (0ms)
			AwakeInstancesAfterBackupRestoration (0ms)
Platform modules already initialized, skipping
Registering precompiled user dll's ...
Registered in 0.003077 seconds.
Begin MonoManager ReloadAssembly
Native extension for WindowsStandalone target not found
Refreshing native plugins compatible for Editor in 1.08 ms, found 2 plugins.
Preloading 0 native plugins for Editor in 0.00 ms.
Mono: successfully reloaded assembly
- Completed reload, in  1.135 seconds
Domain Reload Profiling:
	ReloadAssembly (1136ms)
		BeginReloadAssembly (178ms)
			ExecutionOrderSort (0ms)
			DisableScriptedObjects (6ms)
			BackupInstance (0ms)
			ReleaseScriptingObjects (0ms)
			CreateAndSetChildDomain (19ms)
		EndReloadAssembly (884ms)
			LoadAssemblies (112ms)
			RebuildTransferFunctionScriptingTraits (0ms)
			SetupTypeCache (297ms)
			ReleaseScriptCaches (0ms)
			RebuildScriptCaches (46ms)
			SetupLoadedEditorAssemblies (351ms)
				LogAssemblyErrors (0ms)
				InitializePlatformSupportModulesInManaged (5ms)
				SetLoadedEditorAssemblies (1ms)
				RefreshPlugins (1ms)
				BeforeProcessingInitializeOnLoad (102ms)
				ProcessInitializeOnLoadAttributes (217ms)
				ProcessInitializeOnLoadMethodAttributes (14ms)
				AfterProcessingInitializeOnLoad (10ms)
				EditorAssembliesLoaded (0ms)
			ExecutionOrderSort2 (0ms)
			AwakeInstancesAfterBackupRestoration (2ms)
Platform modules already initialized, skipping
========================================================================
Worker process is ready to serve import requests
Launched and connected shader compiler UnityShaderCompiler.exe after 0.04 seconds
Refreshing native plugins compatible for Editor in 1.00 ms, found 2 plugins.
Preloading 0 native plugins for Editor in 0.00 ms.
Unloading 2068 Unused Serialized files (Serialized files now loaded: 0)
System memory in use before: 104.7 MB.
System memory in use after: 104.0 MB.

Unloading 19 unused Assets to reduce memory usage. Loaded Objects now: 2516.
Total: 4.913300 ms (FindLiveObjects: 0.258700 ms CreateObjectMapping: 0.076900 ms MarkObjects: 3.988100 ms  DeleteObjects: 0.588100 ms)

AssetImportParameters requested are different than current active one (requested -> active):
  custom:framework-win-MediaFoundation: 216162199b28c13a410421893ffa2e32 -> 
  custom:video-decoder-ogg-theora: a1e56fd34408186e4bbccfd4996cb3dc -> 
  custom:container-muxer-webm: aa71ff27fc2769a1b78a27578f13a17b -> 
  custom:container-demuxer-webm: 4f35f7cbe854078d1ac9338744f61a02 -> 
  custom:container-demuxer-ogg: 62fdf1f143b41e24485cea50d1cbac27 -> 
  custom:video-encoder-webm-vp8: eb34c28f22e8b96e1ab97ce403110664 -> 
  custom:video-decoder-webm-vp8: 9c59270c3fd7afecdb556c50c9e8de78 -> 
  custom:audio-decoder-ogg-vorbis: bf7c407c2cedff20999df2af8eb42d56 -> 
  custom:audio-encoder-webm-vorbis: bf7c407c2cedff20999df2af8eb42d56 -> 
========================================================================
Received Import Request.
  path: Assets/Materials/Untitled_Artwork_17.jpg
  artifactKey: Guid(da4d1ff01f2b03343908f017886356d3) Importer(815301076,1909f56bfc062723c751e8b465ee728b)
Start importing Assets/Materials/Untitled_Artwork_17.jpg using Guid(da4d1ff01f2b03343908f017886356d3) Importer(815301076,1909f56bfc062723c751e8b465ee728b)  -> (artifact id: 'd952dad54aa4a822e6850f853314e8f7') in 0.088989 seconds 
========================================================================
Received Import Request.
  Time since last request: 0.000300 seconds.
  path: Assets/Materials/Untitled_Artwork_19.jpg
  artifactKey: Guid(8b706e12625956a41a69f951455d39c6) Importer(815301076,1909f56bfc062723c751e8b465ee728b)
Start importing Assets/Materials/Untitled_Artwork_19.jpg using Guid(8b706e12625956a41a69f951455d39c6) Importer(815301076,1909f56bfc062723c751e8b465ee728b)  -> (artifact id: '294cfb58ee31dbaada9072cdee1aa304') in 0.013128 seconds 
========================================================================
Received Import Request.
  Time since last request: 3359.561951 seconds.
  path: Assets/Materials
  artifactKey: Guid(2297c36bd526c154f8cdff978988ea66) Importer(815301076,1909f56bfc062723c751e8b465ee728b)
Start importing Assets/Materials using Guid(2297c36bd526c154f8cdff978988ea66) Importer(815301076,1909f56bfc062723c751e8b465ee728b)  -> (artifact id: 'a292e2992cfec965eaeee523c7f2bde2') in 0.004341 seconds 
========================================================================
Received Import Request.
  Time since last request: 33.783059 seconds.
  path: Assets/Assets/Materials/kartta.png
  artifactKey: Guid(44411d68d7e5bc74bb22257717478d99) Importer(815301076,1909f56bfc062723c751e8b465ee728b)
Start importing Assets/Assets/Materials/kartta.png using Guid(44411d68d7e5bc74bb22257717478d99) Importer(815301076,1909f56bfc062723c751e8b465ee728b)  -> (artifact id: '6acc1796af41aa973b7840f391eebb3d') in 0.020825 seconds 
========================================================================
Received Import Request.
  Time since last request: 1249.959055 seconds.
  path: Assets/Assets/Taulu123123123.png
  artifactKey: Guid(3525535fd5588d74db5ec39b5c35400a) Importer(815301076,1909f56bfc062723c751e8b465ee728b)
Start importing Assets/Assets/Taulu123123123.png using Guid(3525535fd5588d74db5ec39b5c35400a) Importer(815301076,1909f56bfc062723c751e8b465ee728b)  -> (artifact id: '32928bfc8dd2e9329de87dc74271dcbe') in 0.008515 seconds 
========================================================================
Received Import Request.
  Time since last request: 1176.094338 seconds.
  path: Assets/Assets/Materials/Materials/kartta.mat
  artifactKey: Guid(193125f3204a2de43af1b59b266dd097) Importer(815301076,1909f56bfc062723c751e8b465ee728b)
Start importing Assets/Assets/Materials/Materials/kartta.mat using Guid(193125f3204a2de43af1b59b266dd097) Importer(815301076,1909f56bfc062723c751e8b465ee728b)  -> (artifact id: '230f20231afaefa206690728e4e0f368') in 0.072502 seconds 
========================================================================
Received Import Request.
  Time since last request: 746.626721 seconds.
  path: Assets/Assets/Materials/Taulu123123123.mat
  artifactKey: Guid(68b4385d7fc1f374882cb6ad708b6f2f) Importer(815301076,1909f56bfc062723c751e8b465ee728b)
Start importing Assets/Assets/Materials/Taulu123123123.mat using Guid(68b4385d7fc1f374882cb6ad708b6f2f) Importer(815301076,1909f56bfc062723c751e8b465ee728b)  -> (artifact id: '0a7b1a28f7af647c42c234104fdcbf6a') in 0.032692 seconds 
========================================================================
Received Import Request.
  Time since last request: 0.622935 seconds.
  path: Assets/Materials/Materials/Untitled_Artwork_17.mat
  artifactKey: Guid(83aeed2320f213a49a27435274fdc5c6) Importer(815301076,1909f56bfc062723c751e8b465ee728b)
Start importing Assets/Materials/Materials/Untitled_Artwork_17.mat using Guid(83aeed2320f213a49a27435274fdc5c6) Importer(815301076,1909f56bfc062723c751e8b465ee728b)  -> (artifact id: 'bf10bf57cba924ad18d22a256c42c134') in 0.017089 seconds 
========================================================================
Received Import Request.
  Time since last request: 0.000239 seconds.
  path: Assets/Materials/Materials/Untitled_Artwork_19.mat
  artifactKey: Guid(fd953f9b3fad96e438612d8bbe33bbc8) Importer(815301076,1909f56bfc062723c751e8b465ee728b)
Start importing Assets/Materials/Materials/Untitled_Artwork_19.mat using Guid(fd953f9b3fad96e438612d8bbe33bbc8) Importer(815301076,1909f56bfc062723c751e8b465ee728b)  -> (artifact id: 'de5a1b559e5beed983de2894e1ead90c') in 0.022839 seconds 
