Using pre-set license
Built from '2020.3/staging' branch; Version is '2020.3.38f1 (8f5fde82e2dc) revision 9396190'; Using compiler version '192528614'; Build Type 'Release'
OS: 'Windows 10  (10.0.19045) 64bit Core' Language: 'en' Physical Memory: 16297 MB
BatchMode: 1, IsHumanControllingUs: 0, StartBugReporterOnCrash: 0, Is64bit: 1, IsPro: 0

COMMAND LINE ARGUMENTS:
C:\Program Files\Unity\Hub\Editor\2020.3.38f1\Editor\Unity.exe
-adb2
-batchMode
-noUpm
-name
AssetImportWorker0
-projectPath
C:/git/HP/investigation
-logFile
Logs/AssetImportWorker0.log
-srvPort
63408
Successfully changed project path to: C:/git/HP/investigation
C:/git/HP/investigation
Using Asset Import Pipeline V2.
Refreshing native plugins compatible for Editor in 67.80 ms, found 2 plugins.
Preloading 0 native plugins for Editor in 0.00 ms.
Initialize engine version: 2020.3.38f1 (8f5fde82e2dc)
[Subsystems] Discovering subsystems at path C:/Program Files/Unity/Hub/Editor/2020.3.38f1/Editor/Data/Resources/UnitySubsystems
[Subsystems] Discovering subsystems at path C:/git/HP/investigation/Assets
GfxDevice: creating device client; threaded=0
Direct3D:
    Version:  Direct3D 11.0 [level 11.1]
    Renderer: NVIDIA GeForce RTX 2070 SUPER (ID=0x1e84)
    Vendor:   
    VRAM:     8012 MB
    Driver:   31.0.15.1694
Initialize mono
Mono path[0] = 'C:/Program Files/Unity/Hub/Editor/2020.3.38f1/Editor/Data/Managed'
Mono path[1] = 'C:/Program Files/Unity/Hub/Editor/2020.3.38f1/Editor/Data/MonoBleedingEdge/lib/mono/unityjit'
Mono config path = 'C:/Program Files/Unity/Hub/Editor/2020.3.38f1/Editor/Data/MonoBleedingEdge/etc'
Using monoOptions --debugger-agent=transport=dt_socket,embedding=1,server=y,suspend=n,address=127.0.0.1:56140
Begin MonoManager ReloadAssembly
Registering precompiled unity dll's ...
Register platform support module: C:/Program Files/Unity/Hub/Editor/2020.3.38f1/Editor/Data/PlaybackEngines/MacStandaloneSupport/UnityEditor.OSXStandalone.Extensions.dll
Register platform support module: C:/Program Files/Unity/Hub/Editor/2020.3.38f1/Editor/Data/PlaybackEngines/WindowsStandaloneSupport/UnityEditor.WindowsStandalone.Extensions.dll
Registered in 0.001953 seconds.
Native extension for WindowsStandalone target not found
Native extension for OSXStandalone target not found
Refreshing native plugins compatible for Editor in 64.27 ms, found 2 plugins.
Preloading 0 native plugins for Editor in 0.00 ms.
Mono: successfully reloaded assembly
- Completed reload, in  0.545 seconds
Domain Reload Profiling:
	ReloadAssembly (545ms)
		BeginReloadAssembly (63ms)
			ExecutionOrderSort (0ms)
			DisableScriptedObjects (0ms)
			BackupInstance (0ms)
			ReleaseScriptingObjects (0ms)
			CreateAndSetChildDomain (1ms)
		EndReloadAssembly (417ms)
			LoadAssemblies (62ms)
			RebuildTransferFunctionScriptingTraits (0ms)
			SetupTypeCache (131ms)
			ReleaseScriptCaches (0ms)
			RebuildScriptCaches (26ms)
			SetupLoadedEditorAssemblies (172ms)
				LogAssemblyErrors (0ms)
				InitializePlatformSupportModulesInManaged (5ms)
				SetLoadedEditorAssemblies (0ms)
				RefreshPlugins (64ms)
				BeforeProcessingInitializeOnLoad (8ms)
				ProcessInitializeOnLoadAttributes (70ms)
				ProcessInitializeOnLoadMethodAttributes (25ms)
				AfterProcessingInitializeOnLoad (0ms)
				EditorAssembliesLoaded (0ms)
			ExecutionOrderSort2 (0ms)
			AwakeInstancesAfterBackupRestoration (0ms)
Platform modules already initialized, skipping
Registering precompiled user dll's ...
Registered in 0.002841 seconds.
Begin MonoManager ReloadAssembly
Native extension for WindowsStandalone target not found
Native extension for OSXStandalone target not found
Refreshing native plugins compatible for Editor in 64.46 ms, found 2 plugins.
Preloading 0 native plugins for Editor in 0.00 ms.
Mono: successfully reloaded assembly
- Completed reload, in  1.114 seconds
Domain Reload Profiling:
	ReloadAssembly (1114ms)
		BeginReloadAssembly (141ms)
			ExecutionOrderSort (0ms)
			DisableScriptedObjects (4ms)
			BackupInstance (0ms)
			ReleaseScriptingObjects (0ms)
			CreateAndSetChildDomain (20ms)
		EndReloadAssembly (921ms)
			LoadAssemblies (90ms)
			RebuildTransferFunctionScriptingTraits (0ms)
			SetupTypeCache (268ms)
			ReleaseScriptCaches (1ms)
			RebuildScriptCaches (47ms)
			SetupLoadedEditorAssemblies (432ms)
				LogAssemblyErrors (0ms)
				InitializePlatformSupportModulesInManaged (4ms)
				SetLoadedEditorAssemblies (0ms)
				RefreshPlugins (65ms)
				BeforeProcessingInitializeOnLoad (61ms)
				ProcessInitializeOnLoadAttributes (224ms)
				ProcessInitializeOnLoadMethodAttributes (73ms)
				AfterProcessingInitializeOnLoad (6ms)
				EditorAssembliesLoaded (0ms)
			ExecutionOrderSort2 (0ms)
			AwakeInstancesAfterBackupRestoration (2ms)
Platform modules already initialized, skipping
========================================================================
Worker process is ready to serve import requests
Launched and connected shader compiler UnityShaderCompiler.exe after 0.04 seconds
Refreshing native plugins compatible for Editor in 1.04 ms, found 2 plugins.
Preloading 0 native plugins for Editor in 0.00 ms.
Unloading 2587 Unused Serialized files (Serialized files now loaded: 0)
System memory in use before: 125.5 MB.
System memory in use after: 124.9 MB.

Unloading 24 unused Assets to reduce memory usage. Loaded Objects now: 3031.
Total: 3.630400 ms (FindLiveObjects: 0.257300 ms CreateObjectMapping: 0.069600 ms MarkObjects: 2.888700 ms  DeleteObjects: 0.414000 ms)

AssetImportParameters requested are different than current active one (requested -> active):
  custom:framework-win-MediaFoundation: 216162199b28c13a410421893ffa2e32 -> 
  custom:video-decoder-ogg-theora: a1e56fd34408186e4bbccfd4996cb3dc -> 
  custom:container-muxer-webm: aa71ff27fc2769a1b78a27578f13a17b -> 
  custom:container-demuxer-webm: 4f35f7cbe854078d1ac9338744f61a02 -> 
  custom:container-demuxer-ogg: 62fdf1f143b41e24485cea50d1cbac27 -> 
  custom:video-encoder-webm-vp8: eb34c28f22e8b96e1ab97ce403110664 -> 
  custom:video-decoder-webm-vp8: 9c59270c3fd7afecdb556c50c9e8de78 -> 
  custom:audio-decoder-ogg-vorbis: bf7c407c2cedff20999df2af8eb42d56 -> 
  custom:audio-encoder-webm-vorbis: bf7c407c2cedff20999df2af8eb42d56 -> 
========================================================================
Received Import Request.
  path: Assets/Interior Asset/Prefabs/Book1.prefab
  artifactKey: Guid(51575859ce98c794abfd0277386c7ce5) Importer(815301076,1909f56bfc062723c751e8b465ee728b)
Start importing Assets/Interior Asset/Prefabs/Book1.prefab using Guid(51575859ce98c794abfd0277386c7ce5) Importer(815301076,1909f56bfc062723c751e8b465ee728b)  -> (artifact id: '2bb145be0307f886c57d93b9e7427816') in 0.129010 seconds 
========================================================================
Received Import Request.
  Time since last request: 0.000177 seconds.
  path: Assets/Interior Asset/Prefabs/Pic1.prefab
  artifactKey: Guid(f9963ebeb07cb7846bbb116a6fb4e1e2) Importer(815301076,1909f56bfc062723c751e8b465ee728b)
Start importing Assets/Interior Asset/Prefabs/Pic1.prefab using Guid(f9963ebeb07cb7846bbb116a6fb4e1e2) Importer(815301076,1909f56bfc062723c751e8b465ee728b)  -> (artifact id: '5f2112203415cf1afa9c5a03b51e8ebb') in 0.082466 seconds 
========================================================================
Received Import Request.
  Time since last request: 0.000160 seconds.
  path: Assets/Interior Asset/Prefabs/Pic2.prefab
  artifactKey: Guid(31805c41f7dac8d478aee32600308a90) Importer(815301076,1909f56bfc062723c751e8b465ee728b)
Start importing Assets/Interior Asset/Prefabs/Pic2.prefab using Guid(31805c41f7dac8d478aee32600308a90) Importer(815301076,1909f56bfc062723c751e8b465ee728b)  -> (artifact id: '156f3cf5937d75ec3e65aabbc6ec917f') in 0.068706 seconds 
========================================================================
Received Import Request.
  Time since last request: 0.000139 seconds.
  path: Assets/Interior Asset/Prefabs/Pot2.prefab
  artifactKey: Guid(58de2216369e0d14c9daa185bf9e7422) Importer(815301076,1909f56bfc062723c751e8b465ee728b)
Start importing Assets/Interior Asset/Prefabs/Pot2.prefab using Guid(58de2216369e0d14c9daa185bf9e7422) Importer(815301076,1909f56bfc062723c751e8b465ee728b)  -> (artifact id: 'b758b3d77a18e2b447d1faddc3c43492') in 0.111028 seconds 
========================================================================
Received Import Request.
  Time since last request: 0.000187 seconds.
  path: Assets/Interior Asset/Prefabs/Shelf.prefab
  artifactKey: Guid(28dd981650691bf4b998a5570c7f03a2) Importer(815301076,1909f56bfc062723c751e8b465ee728b)
Start importing Assets/Interior Asset/Prefabs/Shelf.prefab using Guid(28dd981650691bf4b998a5570c7f03a2) Importer(815301076,1909f56bfc062723c751e8b465ee728b)  -> (artifact id: '48d167e74e1068e68ec579e3833844df') in 0.047440 seconds 
========================================================================
Received Import Request.
  Time since last request: 0.000155 seconds.
  path: Assets/Interior Asset/Prefabs/Chair.prefab
  artifactKey: Guid(6d6b709c20acb1840a72d83aba78580e) Importer(815301076,1909f56bfc062723c751e8b465ee728b)
Start importing Assets/Interior Asset/Prefabs/Chair.prefab using Guid(6d6b709c20acb1840a72d83aba78580e) Importer(815301076,1909f56bfc062723c751e8b465ee728b)  -> (artifact id: '8a5529705f18f5257e716ce4173fc941') in 0.091968 seconds 
========================================================================
Received Import Request.
  Time since last request: 0.000154 seconds.
  path: Assets/Interior Asset/Prefabs/Book3.prefab
  artifactKey: Guid(f383356d4eb91f44daddce1e70077112) Importer(815301076,1909f56bfc062723c751e8b465ee728b)
Start importing Assets/Interior Asset/Prefabs/Book3.prefab using Guid(f383356d4eb91f44daddce1e70077112) Importer(815301076,1909f56bfc062723c751e8b465ee728b)  -> (artifact id: '4598a892fe778a9c787bacfbc4bc0ad7') in 0.049932 seconds 
========================================================================
Received Import Request.
  Time since last request: 0.000240 seconds.
  path: Assets/Interior Asset/Prefabs/Book2.prefab
  artifactKey: Guid(43374f02c65eea84ca9c2bf34a6af4b1) Importer(815301076,1909f56bfc062723c751e8b465ee728b)
Start importing Assets/Interior Asset/Prefabs/Book2.prefab using Guid(43374f02c65eea84ca9c2bf34a6af4b1) Importer(815301076,1909f56bfc062723c751e8b465ee728b)  -> (artifact id: '19aec66130e0f826dfe61313cd20d693') in 0.039488 seconds 
========================================================================
Received Import Request.
  Time since last request: 0.000152 seconds.
  path: Assets/Interior Asset/Prefabs/ArmChair.prefab
  artifactKey: Guid(4f235d410f2807b42800587d271f09e5) Importer(815301076,1909f56bfc062723c751e8b465ee728b)
Start importing Assets/Interior Asset/Prefabs/ArmChair.prefab using Guid(4f235d410f2807b42800587d271f09e5) Importer(815301076,1909f56bfc062723c751e8b465ee728b)  -> (artifact id: 'bc2112f07a464b5e267a3cb4ac4d8409') in 0.109246 seconds 
========================================================================
Received Import Request.
  Time since last request: 0.000211 seconds.
  path: Assets/Interior Asset/Prefabs/Pot1.prefab
  artifactKey: Guid(e85eb34fbf3cc5c45a49009ce670c14d) Importer(815301076,1909f56bfc062723c751e8b465ee728b)
Start importing Assets/Interior Asset/Prefabs/Pot1.prefab using Guid(e85eb34fbf3cc5c45a49009ce670c14d) Importer(815301076,1909f56bfc062723c751e8b465ee728b)  -> (artifact id: 'c087bf5d4621866584760f62a5845534') in 0.029454 seconds 
========================================================================
Received Import Request.
  Time since last request: 0.000171 seconds.
  path: Assets/Interior Asset/Prefabs/Table.prefab
  artifactKey: Guid(669679f799484624f86f2ca3427a8be8) Importer(815301076,1909f56bfc062723c751e8b465ee728b)
Start importing Assets/Interior Asset/Prefabs/Table.prefab using Guid(669679f799484624f86f2ca3427a8be8) Importer(815301076,1909f56bfc062723c751e8b465ee728b)  -> (artifact id: '434fbd61cad544b6f0fa0e63720e1d00') in 0.047262 seconds 
========================================================================
Received Import Request.
  Time since last request: 0.000145 seconds.
  path: Assets/Interior Asset/Prefabs/Shelf1.prefab
  artifactKey: Guid(237278d4519951c48888576c213b513f) Importer(815301076,1909f56bfc062723c751e8b465ee728b)
Start importing Assets/Interior Asset/Prefabs/Shelf1.prefab using Guid(237278d4519951c48888576c213b513f) Importer(815301076,1909f56bfc062723c751e8b465ee728b)  -> (artifact id: 'b0d2ec597ca855e6c14c62deaa5edfbf') in 0.047776 seconds 
========================================================================
Received Import Request.
  Time since last request: 27.916046 seconds.
  path: Assets/Materials/Queen-Ann.mat
  artifactKey: Guid(59391e84b2d5042428d7545eefc51c70) Importer(815301076,1909f56bfc062723c751e8b465ee728b)
Start importing Assets/Materials/Queen-Ann.mat using Guid(59391e84b2d5042428d7545eefc51c70) Importer(815301076,1909f56bfc062723c751e8b465ee728b)  -> (artifact id: '55738aea73aa84fdda3e8d82b073efed') in 0.040204 seconds 
========================================================================
Received Import Request.
  Time since last request: 0.000169 seconds.
  path: Assets/Materials/Untitled_Artwork_17.jpg
  artifactKey: Guid(da4d1ff01f2b03343908f017886356d3) Importer(815301076,1909f56bfc062723c751e8b465ee728b)
Start importing Assets/Materials/Untitled_Artwork_17.jpg using Guid(da4d1ff01f2b03343908f017886356d3) Importer(815301076,1909f56bfc062723c751e8b465ee728b)  -> (artifact id: '8db1d997641bae7e98137f81c35e3456') in 0.053690 seconds 
========================================================================
Received Import Request.
  Time since last request: 0.000158 seconds.
  path: Assets/Materials/Untitled_Artwork_19.jpg
  artifactKey: Guid(8b706e12625956a41a69f951455d39c6) Importer(815301076,1909f56bfc062723c751e8b465ee728b)
Start importing Assets/Materials/Untitled_Artwork_19.jpg using Guid(8b706e12625956a41a69f951455d39c6) Importer(815301076,1909f56bfc062723c751e8b465ee728b)  -> (artifact id: '671dcd10d8ec9413aac01fe9de10d70b') in 0.010965 seconds 
========================================================================
Received Import Request.
  Time since last request: 9.338647 seconds.
  path: Assets/Materials/Tsar George 5.jpg
  artifactKey: Guid(cae8d0437d0668446bd4aacf219a1b02) Importer(815301076,1909f56bfc062723c751e8b465ee728b)
Start importing Assets/Materials/Tsar George 5.jpg using Guid(cae8d0437d0668446bd4aacf219a1b02) Importer(815301076,1909f56bfc062723c751e8b465ee728b)  -> (artifact id: 'a7512a52a9b015260feedb35ccd6e8c1') in 0.012869 seconds 
========================================================================
Received Import Request.
  Time since last request: 180.088962 seconds.
  path: Assets/Materials/Queen Anne 0.jpg
  artifactKey: Guid(0c1bf6914a66ccb4c809309c5768d33b) Importer(815301076,1909f56bfc062723c751e8b465ee728b)
Start importing Assets/Materials/Queen Anne 0.jpg using Guid(0c1bf6914a66ccb4c809309c5768d33b) Importer(815301076,1909f56bfc062723c751e8b465ee728b)  -> (artifact id: '56ad3fa5308c749b6e83868909c3357b') in 0.011065 seconds 
========================================================================
Received Import Request.
  Time since last request: 141.454890 seconds.
  path: Assets/Materials/George 1.jpg
  artifactKey: Guid(a42d4370d25389242bc96c76d22fe4ba) Importer(815301076,1909f56bfc062723c751e8b465ee728b)
Start importing Assets/Materials/George 1.jpg using Guid(a42d4370d25389242bc96c76d22fe4ba) Importer(815301076,1909f56bfc062723c751e8b465ee728b)  -> (artifact id: 'b1c1969c1fdc7f526fbe944eac5609c9') in 0.010868 seconds 
========================================================================
Received Import Request.
  Time since last request: 144.201638 seconds.
  path: Assets/Materials/Materials
  artifactKey: Guid(b1cf941598919a640872848014dbf52f) Importer(815301076,1909f56bfc062723c751e8b465ee728b)
Start importing Assets/Materials/Materials using Guid(b1cf941598919a640872848014dbf52f) Importer(815301076,1909f56bfc062723c751e8b465ee728b)  -> (artifact id: 'cb52efb3398e902d48f2ea7bae9c9966') in 0.007420 seconds 
========================================================================
Received Import Request.
  Time since last request: 142.768118 seconds.
  path: Assets/Materials/George 2.jpg
  artifactKey: Guid(36b2b92395bc1134e8e1d34107deabc6) Importer(815301076,1909f56bfc062723c751e8b465ee728b)
Start importing Assets/Materials/George 2.jpg using Guid(36b2b92395bc1134e8e1d34107deabc6) Importer(815301076,1909f56bfc062723c751e8b465ee728b)  -> (artifact id: 'abead7b7c1e28949c7d08ee1f4eb5acf') in 0.012317 seconds 
========================================================================
Received Import Request.
  Time since last request: 121.862291 seconds.
  path: Assets/Furniture/KASSAKAAPPI.obj
  artifactKey: Guid(b506ec064e972464f9f83769241bb819) Importer(815301076,1909f56bfc062723c751e8b465ee728b)
Start importing Assets/Furniture/KASSAKAAPPI.obj using Guid(b506ec064e972464f9f83769241bb819) Importer(815301076,1909f56bfc062723c751e8b465ee728b)  -> (artifact id: '93b4e05ea9ae0d8988081f5a79fe60c6') in 0.053119 seconds 
AssetImportWorkerClient::OnTransportError - code=2 error=End of file
